<?xml version="1.0" encoding="UTF-8"?>
<!-- Generated by org.testng.reporters.JUnitReportReporter -->
<testsuite skipped="0" hostname="ip-192-168-88-62.eu-central-1.compute.internal" name="tests.LoginTest" tests="1" failures="0" timestamp="26 Sep 2020 10:40:10 GMT" time="3.439" errors="0">
  <testcase name="test" time="3.439" classname="tests.LoginTest"/>
</testsuite> <!-- tests.LoginTest -->
